<?xml version="1.0" encoding="UTF-8"?>
<!-- Generated by org.testng.reporters.JUnitXMLReporter -->
<testsuite hostname="Lab-637618486836961190-1" ignored="0" name="LinksInHomePage" tests="2" failures="0" timestamp="2021-10-03T22:07:42 IST" time="16.846" errors="0">
  <testcase name="CountLinks" time="0.494" classname="com.UrbanLadder.Runner.LinksInHomePage"/>
  <testcase name="CustomerStories" time="12.669" classname="com.UrbanLadder.Runner.LinksInHomePage"/>
</testsuite> <!-- LinksInHomePage -->
