<?xml version="1.0" encoding="UTF-8"?>
<!-- Generated by org.testng.reporters.JUnitXMLReporter -->
<testsuite hostname="Lab-637618486836961190-1" ignored="0" name="SearchExcelTest" tests="5" failures="0" timestamp="2021-10-03T22:11:05 IST" time="33.481" errors="0">
  <testcase name="SearchPage" time="5.943" classname="com.UrbanLadder.Runner.SearchExcelTest"/>
  <testcase name="SearchPage" time="4.593" classname="com.UrbanLadder.Runner.SearchExcelTest"/>
  <testcase name="SearchPage" time="4.674" classname="com.UrbanLadder.Runner.SearchExcelTest"/>
  <testcase name="SearchPage" time="6.139" classname="com.UrbanLadder.Runner.SearchExcelTest"/>
  <testcase name="SearchPage" time="5.597" classname="com.UrbanLadder.Runner.SearchExcelTest"/>
</testsuite> <!-- SearchExcelTest -->
