<?xml version="1.0" encoding="UTF-8"?>
<!-- Generated by org.testng.reporters.JUnitXMLReporter -->
<testsuite hostname="Lab-637618486836961190-1" ignored="0" name="FooterTest" tests="1" failures="1" timestamp="2021-10-03T22:02:06 IST" time="17.549" errors="0">
  <testcase name="Footer" time="13.159" classname="com.UrbanLadder.Runner.FooterTest">
    <failure type="java.lang.AssertionError" message="expected [CNBC TV 18 - Young turks] but found [CNBC TV 18 - Young Turks]">
      <![CDATA[java.lang.AssertionError: expected [CNBC TV 18 - Young turks] but found [CNBC TV 18 - Young Turks]
at com.UrbanLadder.Runner.FooterTest.Footer(FooterTest.java:48)
at java.util.ArrayList.forEach(ArrayList.java:1259)
... Removed 37 stack frames]]>
    </failure>
  </testcase> <!-- Footer -->
</testsuite> <!-- FooterTest -->
