<?xml version="1.0" encoding="UTF-8"?>
<!-- Generated by org.testng.reporters.JUnitXMLReporter -->
<testsuite hostname="Lab-637618486836961190-1" ignored="0" name="SearchExcelTest" tests="5" failures="0" timestamp="2021-10-03T22:04:40 IST" time="37.52" errors="0">
  <testcase name="SearchPage" time="10.141" classname="com.UrbanLadder.Runner.SearchExcelTest"/>
  <testcase name="SearchPage" time="4.434" classname="com.UrbanLadder.Runner.SearchExcelTest"/>
  <testcase name="SearchPage" time="4.987" classname="com.UrbanLadder.Runner.SearchExcelTest"/>
  <testcase name="SearchPage" time="6.248" classname="com.UrbanLadder.Runner.SearchExcelTest"/>
  <testcase name="SearchPage" time="4.828" classname="com.UrbanLadder.Runner.SearchExcelTest"/>
</testsuite> <!-- SearchExcelTest -->
